0 info it worked if it ends with ok
1 verbose cli [ 'C:\\Program Files\\nodejs\\node.exe',
1 verbose cli   'C:\\Program Files\\nodejs\\node_modules\\npm\\bin\\npm-cli.js',
1 verbose cli   'install',
1 verbose cli   '-g',
1 verbose cli   '@angular/cli' ]
2 info using npm@3.10.10
3 info using node@v6.11.1
4 silly loadCurrentTree Starting
5 silly install loadCurrentTree
6 silly install readGlobalPackageData
7 silly fetchPackageMetaData @angular/cli
8 silly fetchNamedPackageData @angular/cli
9 silly mapToRegistry name @angular/cli
10 silly mapToRegistry scope (from package name) @angular
11 verbose mapToRegistry no registry URL found in name for scope @angular
12 silly mapToRegistry using default registry
13 silly mapToRegistry registry https://registry.npmjs.org/
14 silly mapToRegistry data Result {
14 silly mapToRegistry   raw: '@angular/cli',
14 silly mapToRegistry   scope: '@angular',
14 silly mapToRegistry   escapedName: '@angular%2fcli',
14 silly mapToRegistry   name: '@angular/cli',
14 silly mapToRegistry   rawSpec: '',
14 silly mapToRegistry   spec: 'latest',
14 silly mapToRegistry   type: 'tag' }
15 silly mapToRegistry uri https://registry.npmjs.org/@angular%2fcli
16 verbose request uri https://registry.npmjs.org/@angular%2fcli
17 verbose request no auth needed
18 info attempt registry request try #1 at 2:32:23 PM
19 verbose request id dc1e8dfcca873bb7
20 verbose etag W/"5a009f14-3c39b"
21 verbose lastModified Mon, 06 Nov 2017 17:42:44 GMT
22 http request GET https://registry.npmjs.org/@angular%2fcli
23 http 200 https://registry.npmjs.org/@angular%2fcli
24 verbose headers { 'content-type': 'application/json',
24 verbose headers   server: 'nginx/1.10.1',
24 verbose headers   'last-modified': 'Wed, 08 Nov 2017 22:53:03 GMT',
24 verbose headers   etag: 'W/"5a038acf-3c3b5"',
24 verbose headers   'content-encoding': 'gzip',
24 verbose headers   'cache-control': 'max-age=0',
24 verbose headers   'transfer-encoding': 'chunked',
24 verbose headers   'accept-ranges': 'bytes',
24 verbose headers   date: 'Thu, 09 Nov 2017 20:32:26 GMT',
24 verbose headers   via: '1.1 varnish',
24 verbose headers   age: '0',
24 verbose headers   connection: 'keep-alive',
24 verbose headers   'x-served-by': 'cache-ord1722-ORD',
24 verbose headers   'x-cache': 'MISS',
24 verbose headers   'x-cache-hits': '0',
24 verbose headers   'x-timer': 'S1510259546.445163,VS0,VE396',
24 verbose headers   vary: 'Accept-Encoding' }
25 silly get cb [ 200,
25 silly get   { 'content-type': 'application/json',
25 silly get     server: 'nginx/1.10.1',
25 silly get     'last-modified': 'Wed, 08 Nov 2017 22:53:03 GMT',
25 silly get     etag: 'W/"5a038acf-3c3b5"',
25 silly get     'content-encoding': 'gzip',
25 silly get     'cache-control': 'max-age=0',
25 silly get     'transfer-encoding': 'chunked',
25 silly get     'accept-ranges': 'bytes',
25 silly get     date: 'Thu, 09 Nov 2017 20:32:26 GMT',
25 silly get     via: '1.1 varnish',
25 silly get     age: '0',
25 silly get     connection: 'keep-alive',
25 silly get     'x-served-by': 'cache-ord1722-ORD',
25 silly get     'x-cache': 'MISS',
25 silly get     'x-cache-hits': '0',
25 silly get     'x-timer': 'S1510259546.445163,VS0,VE396',
25 silly get     vary: 'Accept-Encoding' } ]
26 verbose get saving @angular/cli to C:\Users\mahesh\AppData\Roaming\npm-cache\registry.npmjs.org\_40angular_252fcli\.cache.json
27 verbose correctMkdir C:\Users\mahesh\AppData\Roaming\npm-cache correctMkdir not in flight; initializing
28 verbose stack Error: kill ENOSYS
28 verbose stack     at exports._errnoException (util.js:1018:11)
28 verbose stack     at process.kill (internal/process.js:190:13)
28 verbose stack     at process.listener (C:\Program Files\nodejs\node_modules\npm\node_modules\npmlog\node_modules\gauge\node_modules\signal-exit\index.js:86:15)
28 verbose stack     at emitNone (events.js:91:20)
28 verbose stack     at process.emit (events.js:185:7)
28 verbose stack     at processEmit (C:\Program Files\nodejs\node_modules\npm\node_modules\npmlog\node_modules\gauge\node_modules\signal-exit\index.js:146:32)
28 verbose stack     at processEmit (C:\Program Files\nodejs\node_modules\npm\node_modules\npm-registry-client\node_modules\npmlog\node_modules\gauge\node_modules\signal-exit\index.js:146:32)
28 verbose stack     at Signal.wrap.onsignal (internal/process.js:217:44)
29 verbose cwd C:\Users\mahesh\Desktop\Angular4Client
30 error Windows_NT 10.0.15063
31 error argv "C:\\Program Files\\nodejs\\node.exe" "C:\\Program Files\\nodejs\\node_modules\\npm\\bin\\npm-cli.js" "install" "-g" "@angular/cli"
32 error node v6.11.1
33 error npm  v3.10.10
34 error code ENOSYS
35 error errno ENOSYS
36 error syscall kill
37 error kill ENOSYS
38 error If you need help, you may report this error at:
38 error     <https://github.com/npm/npm/issues>
39 verbose exit [ 1, true ]
